2024-09-08 17:36:29,656 - kedro.framework.project - INFO - Using 'conf\logging.yml' as logging configuration. You can change this by setting the KEDRO_LOGGING_CONFIG environment variable accordingly.
2024-09-08 17:36:29,725 - py.warnings - WARNING - C:\Users\sando\OneDrive\Documentos\GitHub\machine-learning-con-kedro-\kedro_v\Lib\site-packages\kedro_viz\__init__.py:13: KedroVizPythonVersionWarning: Please be advised that Kedro Viz is not yet fully
        compatible with the Python version you are currently using.
  warnings.warn(

2024-09-08 17:36:33,367 - kedro.framework.session.session - INFO - Kedro project mc-monopoly2
2024-09-08 17:36:33,580 - kedro_telemetry.plugin - INFO - Kedro is sending anonymous usage data with the sole purpose of improving the product. No personal data or IP addresses are stored on our side. If you want to opt out, set the `KEDRO_DISABLE_TELEMETRY` or `DO_NOT_TRACK` environment variables, or create a `.telemetry` file in the current working directory with the contents `consent: false`. Read more at https://docs.kedro.org/en/stable/configuration/telemetry.html
2024-09-08 17:42:51,966 - kedro.framework.project - INFO - Using 'conf\logging.yml' as logging configuration. You can change this by setting the KEDRO_LOGGING_CONFIG environment variable accordingly.
2024-09-08 17:42:52,029 - py.warnings - WARNING - C:\Users\sando\OneDrive\Documentos\GitHub\machine-learning-con-kedro-\kedro_v\Lib\site-packages\kedro_viz\__init__.py:13: KedroVizPythonVersionWarning: Please be advised that Kedro Viz is not yet fully
        compatible with the Python version you are currently using.
  warnings.warn(

2024-09-08 17:42:55,096 - kedro.framework.session.session - INFO - Kedro project mc-monopoly2
2024-09-08 17:42:55,307 - kedro_telemetry.plugin - INFO - Kedro is sending anonymous usage data with the sole purpose of improving the product. No personal data or IP addresses are stored on our side. If you want to opt out, set the `KEDRO_DISABLE_TELEMETRY` or `DO_NOT_TRACK` environment variables, or create a `.telemetry` file in the current working directory with the contents `consent: false`. Read more at https://docs.kedro.org/en/stable/configuration/telemetry.html
2024-09-08 19:25:29,279 - kedro.framework.project - INFO - Using 'conf\logging.yml' as logging configuration. You can change this by setting the KEDRO_LOGGING_CONFIG environment variable accordingly.
2024-09-08 19:25:29,335 - py.warnings - WARNING - C:\Users\sando\OneDrive\Documentos\GitHub\machine-learning-con-kedro-\kedro_v\Lib\site-packages\kedro_viz\__init__.py:13: KedroVizPythonVersionWarning: Please be advised that Kedro Viz is not yet fully
        compatible with the Python version you are currently using.
  warnings.warn(

2024-09-08 19:33:38,455 - kedro_telemetry.plugin - INFO - Kedro is sending anonymous usage data with the sole purpose of improving the product. No personal data or IP addresses are stored on our side. If you want to opt out, set the `KEDRO_DISABLE_TELEMETRY` or `DO_NOT_TRACK` environment variables, or create a `.telemetry` file in the current working directory with the contents `consent: false`. Read more at https://docs.kedro.org/en/stable/configuration/telemetry.html
2024-09-08 19:33:50,182 - kedro.framework.project - INFO - Using 'conf\logging.yml' as logging configuration. You can change this by setting the KEDRO_LOGGING_CONFIG environment variable accordingly.
2024-09-08 19:33:50,234 - py.warnings - WARNING - C:\Users\sando\OneDrive\Documentos\GitHub\machine-learning-con-kedro-\kedro_v\Lib\site-packages\kedro_viz\__init__.py:13: KedroVizPythonVersionWarning: Please be advised that Kedro Viz is not yet fully
        compatible with the Python version you are currently using.
  warnings.warn(

2024-09-08 19:37:15,657 - kedro_telemetry.plugin - INFO - Kedro is sending anonymous usage data with the sole purpose of improving the product. No personal data or IP addresses are stored on our side. If you want to opt out, set the `KEDRO_DISABLE_TELEMETRY` or `DO_NOT_TRACK` environment variables, or create a `.telemetry` file in the current working directory with the contents `consent: false`. Read more at https://docs.kedro.org/en/stable/configuration/telemetry.html
2024-09-09 13:44:57,085 - kedro.framework.project - INFO - Using 'conf\logging.yml' as logging configuration. You can change this by setting the KEDRO_LOGGING_CONFIG environment variable accordingly.
2024-09-09 13:44:57,374 - py.warnings - WARNING - C:\Users\sando\OneDrive\Documentos\GitHub\machine-learning-con-kedro-\kedro_v\Lib\site-packages\kedro_viz\__init__.py:13: KedroVizPythonVersionWarning: Please be advised that Kedro Viz is not yet fully
        compatible with the Python version you are currently using.
  warnings.warn(

